<?xml version="1.0" encoding="UTF-8"?>
<testng-results ignored="0" total="1" passed="1" failed="0" skipped="0">
  <reporter-output>
    <line>
      <![CDATA[create customer]]>
    </line>
  </reporter-output>
  <suite started-at="2023-06-16T11:37:55 IST" name="Suite" finished-at="2023-06-16T11:37:55 IST" duration-ms="86">
    <groups>
    </groups>
    <test started-at="2023-06-16T11:37:55 IST" name="Test" finished-at="2023-06-16T11:37:55 IST" duration-ms="86">
      <class name="com.actitime.testscript.CustomerModule">
        <test-method signature="createCustomer()[pri:0, instance:com.actitime.testscript.CustomerModule@229d10bd]" started-at="2023-06-16T11:37:55 IST" name="createCustomer" finished-at="2023-06-16T11:37:55 IST" duration-ms="24" status="PASS">
          <reporter-output>
            <line>
              <![CDATA[create customer]]>
            </line>
          </reporter-output>
        </test-method> <!-- createCustomer -->
      </class> <!-- com.actitime.testscript.CustomerModule -->
    </test> <!-- Test -->
  </suite> <!-- Suite -->
</testng-results>
